[debug] [2020-11-09T20:24:50.766Z] ----------------------------------------------------------------------
[debug] [2020-11-09T20:24:50.768Z] Command:       /usr/local/bin/node /usr/local/bin/firebase init
[debug] [2020-11-09T20:24:50.768Z] CLI Version:   8.15.1
[debug] [2020-11-09T20:24:50.768Z] Platform:      linux
[debug] [2020-11-09T20:24:50.768Z] Node Version:  v12.18.4
[debug] [2020-11-09T20:24:50.769Z] Time:          Mon Nov 09 2020 15:24:50 GMT-0500 (Colombia Standard Time)
[debug] [2020-11-09T20:24:50.769Z] ----------------------------------------------------------------------
[debug] [2020-11-09T20:24:50.769Z] 
[debug] [2020-11-09T20:24:50.774Z] > command requires scopes: ["email","openid","https://www.googleapis.com/auth/cloudplatformprojects.readonly","https://www.googleapis.com/auth/firebase","https://www.googleapis.com/auth/cloud-platform"]
[debug] [2020-11-09T20:24:50.775Z] > authorizing via signed-in user
[info] 
     ######## #### ########  ######## ########     ###     ######  ########
     ##        ##  ##     ## ##       ##     ##  ##   ##  ##       ##
     ######    ##  ########  ######   ########  #########  ######  ######
     ##        ##  ##    ##  ##       ##     ## ##     ##       ## ##
     ##       #### ##     ## ######## ########  ##     ##  ######  ########

You're about to initialize a Firebase project in this directory:

  /mnt/c/Users/Contable/develop/platzi-master/projects/otro/projectsNew/c6-art-hispano

Before we get started, keep in mind:

  * You are currently outside your home directory

[info] 
=== Project Setup
[info] 
[info] First, let's associate this project directory with a Firebase project.
[info] You can create multiple project aliases by running firebase use --add, 
[info] but for now we'll just set up a default project.
[info] 
[debug] [2020-11-09T20:24:58.362Z] >>> HTTP REQUEST GET https://firebase.googleapis.com/v1beta1/projects?pageSize=100  
 
[debug] [2020-11-09T20:24:58.771Z] <<< HTTP RESPONSE 200 {"content-type":"application/json; charset=UTF-8","vary":"X-Origin, Referer, Origin,Accept-Encoding","date":"Mon, 09 Nov 2020 20:25:00 GMT","server":"ESF","cache-control":"private","x-xss-protection":"0","x-frame-options":"SAMEORIGIN","x-content-type-options":"nosniff","alt-svc":"h3-Q050=\":443\"; ma=2592000,h3-29=\":443\"; ma=2592000,h3-T051=\":443\"; ma=2592000,h3-T050=\":443\"; ma=2592000,h3-Q046=\":443\"; ma=2592000,h3-Q043=\":443\"; ma=2592000,quic=\":443\"; ma=2592000; v=\"46,43\"","accept-ranges":"none","transfer-encoding":"chunked"}
[info] i  Using project art-hispano (art-hispano) 
[info] 
=== Firestore Setup
[debug] [2020-11-09T20:25:01.271Z] >>> HTTP REQUEST GET https://serviceusage.googleapis.com/v1/projects/art-hispano/services/firestore.googleapis.com  
 
[debug] [2020-11-09T20:25:02.003Z] <<< HTTP RESPONSE 200 {"content-type":"application/json; charset=UTF-8","vary":"X-Origin, Referer, Origin,Accept-Encoding","date":"Mon, 09 Nov 2020 20:25:03 GMT","server":"ESF","cache-control":"private","x-xss-protection":"0","x-frame-options":"SAMEORIGIN","x-content-type-options":"nosniff","alt-svc":"h3-Q050=\":443\"; ma=2592000,h3-29=\":443\"; ma=2592000,h3-T051=\":443\"; ma=2592000,h3-T050=\":443\"; ma=2592000,h3-Q046=\":443\"; ma=2592000,h3-Q043=\":443\"; ma=2592000,quic=\":443\"; ma=2592000; v=\"46,43\"","accept-ranges":"none","transfer-encoding":"chunked"}
[debug] [2020-11-09T20:25:02.005Z] >>> HTTP REQUEST GET https://appengine.googleapis.com/v1/apps/art-hispano  
 
[debug] [2020-11-09T20:25:02.718Z] <<< HTTP RESPONSE 200 {"content-type":"application/json; charset=UTF-8","vary":"X-Origin, Referer, Origin,Accept-Encoding","date":"Mon, 09 Nov 2020 20:25:04 GMT","server":"ESF","cache-control":"private","x-xss-protection":"0","x-frame-options":"SAMEORIGIN","x-content-type-options":"nosniff","alt-svc":"h3-Q050=\":443\"; ma=2592000,h3-29=\":443\"; ma=2592000,h3-T051=\":443\"; ma=2592000,h3-T050=\":443\"; ma=2592000,h3-Q046=\":443\"; ma=2592000,h3-Q043=\":443\"; ma=2592000,quic=\":443\"; ma=2592000; v=\"46,43\"","accept-ranges":"none","transfer-encoding":"chunked"}
[debug] [2020-11-09T20:25:02.719Z] database_type: CLOUD_FIRESTORE
[debug] [2020-11-09T20:25:02.721Z] > command requires scopes: ["email","openid","https://www.googleapis.com/auth/cloudplatformprojects.readonly","https://www.googleapis.com/auth/firebase","https://www.googleapis.com/auth/cloud-platform"]
[debug] [2020-11-09T20:25:02.722Z] > authorizing via signed-in user
[debug] [2020-11-09T20:25:02.722Z] [iam] checking project art-hispano for permissions ["firebase.projects.get"]
[debug] [2020-11-09T20:25:02.722Z] >>> HTTP REQUEST POST https://cloudresourcemanager.googleapis.com/v1/projects/art-hispano:testIamPermissions  
 {"permissions":["firebase.projects.get"]}
[debug] [2020-11-09T20:25:03.027Z] <<< HTTP RESPONSE 200 {"content-type":"application/json; charset=UTF-8","vary":"X-Origin, Referer, Origin,Accept-Encoding","date":"Mon, 09 Nov 2020 20:25:04 GMT","server":"ESF","cache-control":"private","x-xss-protection":"0","x-frame-options":"SAMEORIGIN","x-content-type-options":"nosniff","server-timing":"gfet4t7; dur=84","alt-svc":"h3-Q050=\":443\"; ma=2592000,h3-29=\":443\"; ma=2592000,h3-T051=\":443\"; ma=2592000,h3-T050=\":443\"; ma=2592000,h3-Q046=\":443\"; ma=2592000,h3-Q043=\":443\"; ma=2592000,quic=\":443\"; ma=2592000; v=\"46,43\"","accept-ranges":"none","transfer-encoding":"chunked"}
[info] 
[info] Firestore Security Rules allow you to define how and when to allow
[info] requests. You can keep these rules in your project directory
[info] and publish them with firebase deploy.
[info] 
[debug] [2020-11-09T20:25:12.860Z] >>> HTTP REQUEST GET https://firebaserules.googleapis.com/v1/projects/art-hispano/releases?pageSize=10&pageToken=  
 
[debug] [2020-11-09T20:25:13.191Z] <<< HTTP RESPONSE 200 {"content-type":"application/json; charset=UTF-8","vary":"X-Origin, Referer, Origin,Accept-Encoding","date":"Mon, 09 Nov 2020 20:25:14 GMT","server":"ESF","cache-control":"private","x-xss-protection":"0","x-frame-options":"SAMEORIGIN","x-content-type-options":"nosniff","alt-svc":"h3-Q050=\":443\"; ma=2592000,h3-29=\":443\"; ma=2592000,h3-T051=\":443\"; ma=2592000,h3-T050=\":443\"; ma=2592000,h3-Q046=\":443\"; ma=2592000,h3-Q043=\":443\"; ma=2592000,quic=\":443\"; ma=2592000; v=\"46,43\"","accept-ranges":"none","transfer-encoding":"chunked"}
[debug] [2020-11-09T20:25:13.192Z] Found ruleset: projects/art-hispano/rulesets/b988dcf8-361b-465b-a679-00737c004df2
[debug] [2020-11-09T20:25:13.192Z] >>> HTTP REQUEST GET https://firebaserules.googleapis.com/v1/projects/art-hispano/rulesets/b988dcf8-361b-465b-a679-00737c004df2  
 
[debug] [2020-11-09T20:25:13.564Z] <<< HTTP RESPONSE 200 {"content-type":"application/json; charset=UTF-8","vary":"X-Origin, Referer, Origin,Accept-Encoding","date":"Mon, 09 Nov 2020 20:25:15 GMT","server":"ESF","cache-control":"private","x-xss-protection":"0","x-frame-options":"SAMEORIGIN","x-content-type-options":"nosniff","alt-svc":"h3-Q050=\":443\"; ma=2592000,h3-29=\":443\"; ma=2592000,h3-T051=\":443\"; ma=2592000,h3-T050=\":443\"; ma=2592000,h3-Q046=\":443\"; ma=2592000,h3-Q043=\":443\"; ma=2592000,quic=\":443\"; ma=2592000; v=\"46,43\"","accept-ranges":"none","transfer-encoding":"chunked"}
[info] 
[info] Firestore indexes allow you to perform complex queries while
[info] maintaining performance that scales with the size of the result
[info] set. You can keep index definitions in your project directory
[info] and publish them with firebase deploy.
[info] 
[debug] [2020-11-09T20:25:21.533Z] >>> HTTP REQUEST GET https://firestore.googleapis.com/v1/projects/art-hispano/databases/(default)/collectionGroups/-/indexes  
 
[debug] [2020-11-09T20:25:21.534Z] >>> HTTP REQUEST GET https://firestore.googleapis.com/v1/projects/art-hispano/databases/(default)/collectionGroups/-/fields?filter=indexConfig.usesAncestorConfig=false  
 
[debug] [2020-11-09T20:25:22.381Z] <<< HTTP RESPONSE 200 {"content-type":"application/json; charset=UTF-8","vary":"X-Origin, Referer, Origin,Accept-Encoding","date":"Mon, 09 Nov 2020 20:25:24 GMT","server":"ESF","cache-control":"private","x-xss-protection":"0","x-frame-options":"SAMEORIGIN","x-content-type-options":"nosniff","alt-svc":"h3-Q050=\":443\"; ma=2592000,h3-29=\":443\"; ma=2592000,h3-T051=\":443\"; ma=2592000,h3-T050=\":443\"; ma=2592000,h3-Q046=\":443\"; ma=2592000,h3-Q043=\":443\"; ma=2592000,quic=\":443\"; ma=2592000; v=\"46,43\"","accept-ranges":"none","transfer-encoding":"chunked"}
[debug] [2020-11-09T20:25:22.495Z] <<< HTTP RESPONSE 200 {"content-type":"application/json; charset=UTF-8","vary":"X-Origin, Referer, Origin,Accept-Encoding","date":"Mon, 09 Nov 2020 20:25:24 GMT","server":"ESF","cache-control":"private","x-xss-protection":"0","x-frame-options":"SAMEORIGIN","x-content-type-options":"nosniff","alt-svc":"h3-Q050=\":443\"; ma=2592000,h3-29=\":443\"; ma=2592000,h3-T051=\":443\"; ma=2592000,h3-T050=\":443\"; ma=2592000,h3-Q046=\":443\"; ma=2592000,h3-Q043=\":443\"; ma=2592000,quic=\":443\"; ma=2592000; v=\"46,43\"","accept-ranges":"none","transfer-encoding":"chunked"}
[debug] [2020-11-09T20:25:22.779Z] Error: EISDIR: illegal operation on a directory, open '/mnt/c/Users/Contable/develop/platzi-master/projects/otro/projectsNew/c6-art-hispano'
    at Object.openSync (fs.js:462:3)
    at Object.writeFileSync (fs.js:1362:35)
    at Config.writeProjectFile (/usr/local/lib/node_modules/firebase-tools/lib/config.js:156:8)
    at /usr/local/lib/node_modules/firebase-tools/lib/init/features/firestore/indexes.js:51:27
    at processTicksAndRejections (internal/process/task_queues.js:97:5)
[error] 
[error] Error: An unexpected error has occurred.
